<?xml version="1.0" encoding="UTF-8"?>
<!-- Generated by org.testng.reporters.JUnitReportReporter -->
<testsuite skipped="0" hostname="Admin-PC" name="assignment2.BankList" tests="1" failures="0" timestamp="23 Oct 2018 12:17:35 GMT" time="50.971" errors="0">
  <testcase name="bankListCode" time="50.971" classname="assignment2.BankList"/>
</testsuite> <!-- assignment2.BankList -->
